# JRE version: Java(TM) SE Runtime Environment (8.0_77-b03) (build 1.8.0_77-b03)
# Java VM: Java HotSpot(TM) 64-Bit Server VM (25.77-b03 mixed mode linux-amd64 compressed oops)
Heap:
 def new generation   total 22336K, used 15822K [0x00000000d1200000, 0x00000000d2a30000, 0x00000000e0c00000)
  eden space 19904K,  77% used [0x00000000d1200000, 0x00000000d20fe5e0, 0x00000000d2570000)
  from space 2432K,  19% used [0x00000000d2570000, 0x00000000d25e53d8, 0x00000000d27d0000)
  to   space 2432K,   0% used [0x00000000d27d0000, 0x00000000d27d0000, 0x00000000d2a30000)
 tenured generation   total 49396K, used 29637K [0x00000000e0c00000, 0x00000000e3c3d000, 0x0000000100000000)
   the space 49396K,  59% used [0x00000000e0c00000, 0x00000000e28f15e8, 0x00000000e28f1600, 0x00000000e3c3d000)
 Metaspace       used 25571K, capacity 25830K, committed 26112K, reserved 1073152K
  class space    used 3145K, capacity 3223K, committed 3328K, reserved 1048576K
GC Heap History (10 events):
Event: 40.128 GC heap before
{Heap before GC invocations=39 (full 1):
 def new generation   total 14848K, used 13893K [0x00000000d1200000, 0x00000000d2210000, 0x00000000e0c00000)
  eden space 13248K, 100% used [0x00000000d1200000, 0x00000000d1ef0000, 0x00000000d1ef0000)
  from space 1600K,  40% used [0x00000000d2080000, 0x00000000d2121510, 0x00000000d2210000)
  to   space 1600K,   0% used [0x00000000d1ef0000, 0x00000000d1ef0000, 0x00000000d2080000)
 tenured generation   total 32768K, used 32671K [0x00000000e0c00000, 0x00000000e2c00000, 0x0000000100000000)
   the space 32768K,  99% used [0x00000000e0c00000, 0x00000000e2be7c88, 0x00000000e2be7e00, 0x00000000e2c00000)
 Metaspace       used 24480K, capacity 24774K, committed 24832K, reserved 1071104K
  class space    used 2996K, capacity 3063K, committed 3072K, reserved 1048576K
Event: 40.130 GC heap after
Heap after GC invocations=40 (full 1):
 def new generation   total 14848K, used 542K [0x00000000d1200000, 0x00000000d2210000, 0x00000000e0c00000)
  eden space 13248K,   0% used [0x00000000d1200000, 0x00000000d1200000, 0x00000000d1ef0000)
  from space 1600K,  33% used [0x00000000d1ef0000, 0x00000000d1f77ad0, 0x00000000d2080000)
  to   space 1600K,   0% used [0x00000000d2080000, 0x00000000d2080000, 0x00000000d2210000)
 tenured generation   total 32768K, used 32671K [0x00000000e0c00000, 0x00000000e2c00000, 0x0000000100000000)
   the space 32768K,  99% used [0x00000000e0c00000, 0x00000000e2be7c88, 0x00000000e2be7e00, 0x00000000e2c00000)
 Metaspace       used 24480K, capacity 24774K, committed 24832K, reserved 1071104K
  class space    used 2996K, capacity 3063K, committed 3072K, reserved 1048576K
}
Event: 40.186 GC heap before
{Heap before GC invocations=40 (full 1):
 def new generation   total 14848K, used 13790K [0x00000000d1200000, 0x00000000d2210000, 0x00000000e0c00000)
  eden space 13248K, 100% used [0x00000000d1200000, 0x00000000d1ef0000, 0x00000000d1ef0000)
  from space 1600K,  33% used [0x00000000d1ef0000, 0x00000000d1f77ad0, 0x00000000d2080000)
  to   space 1600K,   0% used [0x00000000d2080000, 0x00000000d2080000, 0x00000000d2210000)
 tenured generation   total 32768K, used 32671K [0x00000000e0c00000, 0x00000000e2c00000, 0x0000000100000000)
   the space 32768K,  99% used [0x00000000e0c00000, 0x00000000e2be7c88, 0x00000000e2be7e00, 0x00000000e2c00000)
 Metaspace       used 24738K, capacity 25062K, committed 25216K, reserved 1071104K
  class space    used 3022K, capacity 3095K, committed 3200K, reserved 1048576K
Event: 40.188 GC heap after
Heap after GC invocations=41 (full 1):
 def new generation   total 14848K, used 635K [0x00000000d1200000, 0x00000000d2210000, 0x00000000e0c00000)
  eden space 13248K,   0% used [0x00000000d1200000, 0x00000000d1200000, 0x00000000d1ef0000)
  from space 1600K,  39% used [0x00000000d2080000, 0x00000000d211ecc0, 0x00000000d2210000)
  to   space 1600K,   0% used [0x00000000d1ef0000, 0x00000000d1ef0000, 0x00000000d2080000)
 tenured generation   total 32768K, used 32671K [0x00000000e0c00000, 0x00000000e2c00000, 0x0000000100000000)
   the space 32768K,  99% used [0x00000000e0c00000, 0x00000000e2be7c88, 0x00000000e2be7e00, 0x00000000e2c00000)
 Metaspace       used 24738K, capacity 25062K, committed 25216K, reserved 1071104K
  class space    used 3022K, capacity 3095K, committed 3200K, reserved 1048576K
}
Event: 40.341 GC heap before
{Heap before GC invocations=41 (full 1):
 def new generation   total 14848K, used 13883K [0x00000000d1200000, 0x00000000d2210000, 0x00000000e0c00000)
  eden space 13248K, 100% used [0x00000000d1200000, 0x00000000d1ef0000, 0x00000000d1ef0000)
  from space 1600K,  39% used [0x00000000d2080000, 0x00000000d211ecc0, 0x00000000d2210000)
  to   space 1600K,   0% used [0x00000000d1ef0000, 0x00000000d1ef0000, 0x00000000d2080000)
 tenured generation   total 32768K, used 32671K [0x00000000e0c00000, 0x00000000e2c00000, 0x0000000100000000)
   the space 32768K,  99% used [0x00000000e0c00000, 0x00000000e2be7c88, 0x00000000e2be7e00, 0x00000000e2c00000)
 Metaspace       used 24977K, capacity 25286K, committed 25472K, reserved 1071104K
  class space    used 3048K, capacity 3127K, committed 3200K, reserved 1048576K
Event: 40.410 GC heap after
Heap after GC invocations=42 (full 2):
 def new generation   total 22336K, used 0K [0x00000000d1200000, 0x00000000d2a30000, 0x00000000e0c00000)
  eden space 19904K,   0% used [0x00000000d1200000, 0x00000000d1200000, 0x00000000d2570000)
  from space 2432K,   0% used [0x00000000d2570000, 0x00000000d2570000, 0x00000000d27d0000)
  to   space 2432K,   0% used [0x00000000d27d0000, 0x00000000d27d0000, 0x00000000d2a30000)
 tenured generation   total 49396K, used 29637K [0x00000000e0c00000, 0x00000000e3c3d000, 0x0000000100000000)
   the space 49396K,  59% used [0x00000000e0c00000, 0x00000000e28f15e8, 0x00000000e28f1600, 0x00000000e3c3d000)
 Metaspace       used 24977K, capacity 25286K, committed 25472K, reserved 1071104K
  class space    used 3048K, capacity 3127K, committed 3200K, reserved 1048576K
}
Event: 40.645 GC heap before
{Heap before GC invocations=42 (full 2):
 def new generation   total 22336K, used 19904K [0x00000000d1200000, 0x00000000d2a30000, 0x00000000e0c00000)
  eden space 19904K, 100% used [0x00000000d1200000, 0x00000000d2570000, 0x00000000d2570000)
  from space 2432K,   0% used [0x00000000d2570000, 0x00000000d2570000, 0x00000000d27d0000)
  to   space 2432K,   0% used [0x00000000d27d0000, 0x00000000d27d0000, 0x00000000d2a30000)
 tenured generation   total 49396K, used 29637K [0x00000000e0c00000, 0x00000000e3c3d000, 0x0000000100000000)
   the space 49396K,  59% used [0x00000000e0c00000, 0x00000000e28f15e8, 0x00000000e28f1600, 0x00000000e3c3d000)
 Metaspace       used 25421K, capacity 25670K, committed 25728K, reserved 1071104K
  class space    used 3116K, capacity 3191K, committed 3200K, reserved 1048576K
Event: 40.648 GC heap after
Heap after GC invocations=43 (full 2):
 def new generation   total 22336K, used 1019K [0x00000000d1200000, 0x00000000d2a30000, 0x00000000e0c00000)
  eden space 19904K,   0% used [0x00000000d1200000, 0x00000000d1200000, 0x00000000d2570000)
  from space 2432K,  41% used [0x00000000d27d0000, 0x00000000d28cede0, 0x00000000d2a30000)
  to   space 2432K,   0% used [0x00000000d2570000, 0x00000000d2570000, 0x00000000d27d0000)
 tenured generation   total 49396K, used 29637K [0x00000000e0c00000, 0x00000000e3c3d000, 0x0000000100000000)
   the space 49396K,  59% used [0x00000000e0c00000, 0x00000000e28f15e8, 0x00000000e28f1600, 0x00000000e3c3d000)
 Metaspace       used 25421K, capacity 25670K, committed 25728K, reserved 1071104K
  class space    used 3116K, capacity 3191K, committed 3200K, reserved 1048576K
}
Event: 40.746 GC heap before
{Heap before GC invocations=43 (full 2):
 def new generation   total 22336K, used 20923K [0x00000000d1200000, 0x00000000d2a30000, 0x00000000e0c00000)
  eden space 19904K, 100% used [0x00000000d1200000, 0x00000000d2570000, 0x00000000d2570000)
  from space 2432K,  41% used [0x00000000d27d0000, 0x00000000d28cede0, 0x00000000d2a30000)
  to   space 2432K,   0% used [0x00000000d2570000, 0x00000000d2570000, 0x00000000d27d0000)
 tenured generation   total 49396K, used 29637K [0x00000000e0c00000, 0x00000000e3c3d000, 0x0000000100000000)
   the space 49396K,  59% used [0x00000000e0c00000, 0x00000000e28f15e8, 0x00000000e28f1600, 0x00000000e3c3d000)
 Metaspace       used 25561K, capacity 25830K, committed 26112K, reserved 1073152K
  class space    used 3142K, capacity 3223K, committed 3328K, reserved 1048576K
Event: 40.748 GC heap after
Heap after GC invocations=44 (full 2):
 def new generation   total 22336K, used 468K [0x00000000d1200000, 0x00000000d2a30000, 0x00000000e0c00000)
  eden space 19904K,   0% used [0x00000000d1200000, 0x00000000d1200000, 0x00000000d2570000)
  from space 2432K,  19% used [0x00000000d2570000, 0x00000000d25e53d8, 0x00000000d27d0000)
  to   space 2432K,   0% used [0x00000000d27d0000, 0x00000000d27d0000, 0x00000000d2a30000)
 tenured generation   total 49396K, used 29637K [0x00000000e0c00000, 0x00000000e3c3d000, 0x0000000100000000)
   the space 49396K,  59% used [0x00000000e0c00000, 0x00000000e28f15e8, 0x00000000e28f1600, 0x00000000e3c3d000)
 Metaspace       used 25561K, capacity 25830K, committed 26112K, reserved 1073152K
  class space    used 3142K, capacity 3223K, committed 3328K, reserved 1048576K
}

